C:\VaciControl\VaciControl\VaciControlUI\ClientApp\dist\out-tsc\app\pages\user\models\user.model.js
C:\VaciControl\VaciControl\VaciControlUI\ClientApp\dist\out-tsc\app\pages\user\models\user.model.js.map
C:\VaciControl\VaciControl\VaciControlUI\ClientApp\dist\out-tsc\app\pages\user\filter\UserFilter.js
C:\VaciControl\VaciControl\VaciControlUI\ClientApp\dist\out-tsc\app\pages\user\filter\UserFilter.js.map
C:\VaciControl\VaciControl\VaciControlUI\ClientApp\dist\out-tsc\app\pages\user\services\user.service.js
C:\VaciControl\VaciControl\VaciControlUI\ClientApp\dist\out-tsc\app\pages\user\services\user.service.js.map
C:\VaciControl\VaciControl\VaciControlUI\ClientApp\dist\out-tsc\app\pages\login\login-form\login-form.component.js
C:\VaciControl\VaciControl\VaciControlUI\ClientApp\dist\out-tsc\app\pages\login\login-form\login-form.component.js.map
C:\VaciControl\VaciControl\VaciControlUI\ClientApp\dist\out-tsc\app\pages\login\login-routing.module.js
C:\VaciControl\VaciControl\VaciControlUI\ClientApp\dist\out-tsc\app\pages\login\login-routing.module.js.map
C:\VaciControl\VaciControl\VaciControlUI\ClientApp\dist\out-tsc\app\pages\login\login.module.js
C:\VaciControl\VaciControl\VaciControlUI\ClientApp\dist\out-tsc\app\pages\login\login.module.js.map
C:\VaciControl\VaciControl\VaciControlUI\ClientApp\dist\out-tsc\app\pages\user\user-form\user-form.component.js
C:\VaciControl\VaciControl\VaciControlUI\ClientApp\dist\out-tsc\app\pages\user\user-form\user-form.component.js.map
C:\VaciControl\VaciControl\VaciControlUI\ClientApp\dist\out-tsc\app\pages\user\user-list\user-list.component.js
C:\VaciControl\VaciControl\VaciControlUI\ClientApp\dist\out-tsc\app\pages\user\user-list\user-list.component.js.map
C:\VaciControl\VaciControl\VaciControlUI\ClientApp\dist\out-tsc\app\pages\user\user-routing.module.js
C:\VaciControl\VaciControl\VaciControlUI\ClientApp\dist\out-tsc\app\pages\user\user-routing.module.js.map
C:\VaciControl\VaciControl\VaciControlUI\ClientApp\dist\out-tsc\app\shared\pipes\ativoinativo.pipe.js
C:\VaciControl\VaciControl\VaciControlUI\ClientApp\dist\out-tsc\app\shared\pipes\ativoinativo.pipe.js.map
C:\VaciControl\VaciControl\VaciControlUI\ClientApp\dist\out-tsc\app\shared\pipes\formatadata.pipe.js
C:\VaciControl\VaciControl\VaciControlUI\ClientApp\dist\out-tsc\app\shared\pipes\formatadata.pipe.js.map
C:\VaciControl\VaciControl\VaciControlUI\ClientApp\dist\out-tsc\app\shared\shared.module.js
C:\VaciControl\VaciControl\VaciControlUI\ClientApp\dist\out-tsc\app\shared\shared.module.js.map
C:\VaciControl\VaciControl\VaciControlUI\ClientApp\dist\out-tsc\app\pages\user\user.module.js
C:\VaciControl\VaciControl\VaciControlUI\ClientApp\dist\out-tsc\app\pages\user\user.module.js.map
C:\VaciControl\VaciControl\VaciControlUI\ClientApp\dist\out-tsc\app\pages\manufacturers\models\manufacturer.model.js
C:\VaciControl\VaciControl\VaciControlUI\ClientApp\dist\out-tsc\app\pages\manufacturers\models\manufacturer.model.js.map
C:\VaciControl\VaciControl\VaciControlUI\ClientApp\dist\out-tsc\app\pages\manufacturers\filter\ManufacturerFilter.js
C:\VaciControl\VaciControl\VaciControlUI\ClientApp\dist\out-tsc\app\pages\manufacturers\filter\ManufacturerFilter.js.map
C:\VaciControl\VaciControl\VaciControlUI\ClientApp\dist\out-tsc\app\pages\manufacturers\services\manufacturer.service.js
C:\VaciControl\VaciControl\VaciControlUI\ClientApp\dist\out-tsc\app\pages\manufacturers\services\manufacturer.service.js.map
C:\VaciControl\VaciControl\VaciControlUI\ClientApp\dist\out-tsc\app\pages\manufacturers\manufacturer-form\manufacturer-form.component.js
C:\VaciControl\VaciControl\VaciControlUI\ClientApp\dist\out-tsc\app\pages\manufacturers\manufacturer-form\manufacturer-form.component.js.map
C:\VaciControl\VaciControl\VaciControlUI\ClientApp\dist\out-tsc\app\pages\manufacturers\manufacturer-list\manufacturer-list.component.js
C:\VaciControl\VaciControl\VaciControlUI\ClientApp\dist\out-tsc\app\pages\manufacturers\manufacturer-list\manufacturer-list.component.js.map
C:\VaciControl\VaciControl\VaciControlUI\ClientApp\dist\out-tsc\app\pages\manufacturers\manufacturers-routing.module.js
C:\VaciControl\VaciControl\VaciControlUI\ClientApp\dist\out-tsc\app\pages\manufacturers\manufacturers-routing.module.js.map
C:\VaciControl\VaciControl\VaciControlUI\ClientApp\dist\out-tsc\app\pages\manufacturers\manufacturers.module.js
C:\VaciControl\VaciControl\VaciControlUI\ClientApp\dist\out-tsc\app\pages\manufacturers\manufacturers.module.js.map
C:\VaciControl\VaciControl\VaciControlUI\ClientApp\dist\out-tsc\app\pages\patient\models\patient.model.js
C:\VaciControl\VaciControl\VaciControlUI\ClientApp\dist\out-tsc\app\pages\patient\models\patient.model.js.map
C:\VaciControl\VaciControl\VaciControlUI\ClientApp\dist\out-tsc\app\pages\patient\filter\PatientFilter.js
C:\VaciControl\VaciControl\VaciControlUI\ClientApp\dist\out-tsc\app\pages\patient\filter\PatientFilter.js.map
C:\VaciControl\VaciControl\VaciControlUI\ClientApp\dist\out-tsc\app\pages\patient\services\patient.service.js
C:\VaciControl\VaciControl\VaciControlUI\ClientApp\dist\out-tsc\app\pages\patient\services\patient.service.js.map
C:\VaciControl\VaciControl\VaciControlUI\ClientApp\dist\out-tsc\app\pages\patient\patient-form\patient-form.component.js
C:\VaciControl\VaciControl\VaciControlUI\ClientApp\dist\out-tsc\app\pages\patient\patient-form\patient-form.component.js.map
C:\VaciControl\VaciControl\VaciControlUI\ClientApp\dist\out-tsc\app\pages\patient\patient-list\patient-list.component.js
C:\VaciControl\VaciControl\VaciControlUI\ClientApp\dist\out-tsc\app\pages\patient\patient-list\patient-list.component.js.map
C:\VaciControl\VaciControl\VaciControlUI\ClientApp\dist\out-tsc\app\pages\patient\patient-routing.module.js
C:\VaciControl\VaciControl\VaciControlUI\ClientApp\dist\out-tsc\app\pages\patient\patient-routing.module.js.map
C:\VaciControl\VaciControl\VaciControlUI\ClientApp\dist\out-tsc\app\pages\patient\patient.module.js
C:\VaciControl\VaciControl\VaciControlUI\ClientApp\dist\out-tsc\app\pages\patient\patient.module.js.map
C:\VaciControl\VaciControl\VaciControlUI\ClientApp\dist\out-tsc\app\pages\disease\models\disease.model.js
C:\VaciControl\VaciControl\VaciControlUI\ClientApp\dist\out-tsc\app\pages\disease\models\disease.model.js.map
C:\VaciControl\VaciControl\VaciControlUI\ClientApp\dist\out-tsc\app\pages\disease\filter\DiseaseFilter.js
C:\VaciControl\VaciControl\VaciControlUI\ClientApp\dist\out-tsc\app\pages\disease\filter\DiseaseFilter.js.map
C:\VaciControl\VaciControl\VaciControlUI\ClientApp\dist\out-tsc\app\pages\disease\services\disease.service.js
C:\VaciControl\VaciControl\VaciControlUI\ClientApp\dist\out-tsc\app\pages\disease\services\disease.service.js.map
C:\VaciControl\VaciControl\VaciControlUI\ClientApp\dist\out-tsc\app\pages\disease\disease-form\disease-form.component.js
C:\VaciControl\VaciControl\VaciControlUI\ClientApp\dist\out-tsc\app\pages\disease\disease-form\disease-form.component.js.map
C:\VaciControl\VaciControl\VaciControlUI\ClientApp\dist\out-tsc\app\pages\disease\disease-list\disease-list.component.js
C:\VaciControl\VaciControl\VaciControlUI\ClientApp\dist\out-tsc\app\pages\disease\disease-list\disease-list.component.js.map
C:\VaciControl\VaciControl\VaciControlUI\ClientApp\dist\out-tsc\app\pages\disease\disease-routing.module.js
C:\VaciControl\VaciControl\VaciControlUI\ClientApp\dist\out-tsc\app\pages\disease\disease-routing.module.js.map
C:\VaciControl\VaciControl\VaciControlUI\ClientApp\dist\out-tsc\app\pages\disease\disease.module.js
C:\VaciControl\VaciControl\VaciControlUI\ClientApp\dist\out-tsc\app\pages\disease\disease.module.js.map
C:\VaciControl\VaciControl\VaciControlUI\ClientApp\dist\out-tsc\app\pages\vaccine\models\vaccine.model.js
C:\VaciControl\VaciControl\VaciControlUI\ClientApp\dist\out-tsc\app\pages\vaccine\models\vaccine.model.js.map
C:\VaciControl\VaciControl\VaciControlUI\ClientApp\dist\out-tsc\app\pages\vaccine\filter\VaccineFilter.js
C:\VaciControl\VaciControl\VaciControlUI\ClientApp\dist\out-tsc\app\pages\vaccine\filter\VaccineFilter.js.map
C:\VaciControl\VaciControl\VaciControlUI\ClientApp\dist\out-tsc\app\pages\vaccine\services\vaccine.service.js
C:\VaciControl\VaciControl\VaciControlUI\ClientApp\dist\out-tsc\app\pages\vaccine\services\vaccine.service.js.map
C:\VaciControl\VaciControl\VaciControlUI\ClientApp\dist\out-tsc\app\pages\vaccine\vaccine-form\vaccine-form.component.js
C:\VaciControl\VaciControl\VaciControlUI\ClientApp\dist\out-tsc\app\pages\vaccine\vaccine-form\vaccine-form.component.js.map
C:\VaciControl\VaciControl\VaciControlUI\ClientApp\dist\out-tsc\app\pages\vaccine\vaccine-list\vaccine-list.component.js
C:\VaciControl\VaciControl\VaciControlUI\ClientApp\dist\out-tsc\app\pages\vaccine\vaccine-list\vaccine-list.component.js.map
C:\VaciControl\VaciControl\VaciControlUI\ClientApp\dist\out-tsc\app\pages\vaccine\vaccine-routing.module.js
C:\VaciControl\VaciControl\VaciControlUI\ClientApp\dist\out-tsc\app\pages\vaccine\vaccine-routing.module.js.map
C:\VaciControl\VaciControl\VaciControlUI\ClientApp\dist\out-tsc\app\pages\vaccine\vaccine.module.js
C:\VaciControl\VaciControl\VaciControlUI\ClientApp\dist\out-tsc\app\pages\vaccine\vaccine.module.js.map
C:\VaciControl\VaciControl\VaciControlUI\ClientApp\dist\out-tsc\app\pages\batch\models\batch.model.js
C:\VaciControl\VaciControl\VaciControlUI\ClientApp\dist\out-tsc\app\pages\batch\models\batch.model.js.map
C:\VaciControl\VaciControl\VaciControlUI\ClientApp\dist\out-tsc\app\pages\batch\filter\BatchFilter.js
C:\VaciControl\VaciControl\VaciControlUI\ClientApp\dist\out-tsc\app\pages\batch\filter\BatchFilter.js.map
C:\VaciControl\VaciControl\VaciControlUI\ClientApp\dist\out-tsc\app\pages\batch\services\batch.service.js
C:\VaciControl\VaciControl\VaciControlUI\ClientApp\dist\out-tsc\app\pages\batch\services\batch.service.js.map
C:\VaciControl\VaciControl\VaciControlUI\ClientApp\dist\out-tsc\app\pages\batch\batch-form\batch-form.component.js
C:\VaciControl\VaciControl\VaciControlUI\ClientApp\dist\out-tsc\app\pages\batch\batch-form\batch-form.component.js.map
C:\VaciControl\VaciControl\VaciControlUI\ClientApp\dist\out-tsc\app\pages\batch\batch-list\batch-list.component.js
C:\VaciControl\VaciControl\VaciControlUI\ClientApp\dist\out-tsc\app\pages\batch\batch-list\batch-list.component.js.map
C:\VaciControl\VaciControl\VaciControlUI\ClientApp\dist\out-tsc\app\pages\batch\batch-routing.module.js
C:\VaciControl\VaciControl\VaciControlUI\ClientApp\dist\out-tsc\app\pages\batch\batch-routing.module.js.map
C:\VaciControl\VaciControl\VaciControlUI\ClientApp\dist\out-tsc\app\pages\batch\batch.module.js
C:\VaciControl\VaciControl\VaciControlUI\ClientApp\dist\out-tsc\app\pages\batch\batch.module.js.map
C:\VaciControl\VaciControl\VaciControlUI\ClientApp\dist\out-tsc\app\pages\ageGroupsAndCampaigns\models\AgeGroups.model.js
C:\VaciControl\VaciControl\VaciControlUI\ClientApp\dist\out-tsc\app\pages\ageGroupsAndCampaigns\models\AgeGroups.model.js.map
C:\VaciControl\VaciControl\VaciControlUI\ClientApp\dist\out-tsc\app\pages\ageGroupsAndCampaigns\models\Campaigns.model.js
C:\VaciControl\VaciControl\VaciControlUI\ClientApp\dist\out-tsc\app\pages\ageGroupsAndCampaigns\models\Campaigns.model.js.map
C:\VaciControl\VaciControl\VaciControlUI\ClientApp\dist\out-tsc\app\pages\ageGroupsAndCampaigns\services\ageGroupsAndCampaigns.service.js
C:\VaciControl\VaciControl\VaciControlUI\ClientApp\dist\out-tsc\app\pages\ageGroupsAndCampaigns\services\ageGroupsAndCampaigns.service.js.map
C:\VaciControl\VaciControl\VaciControlUI\ClientApp\dist\out-tsc\app\pages\ageGroupsAndCampaigns\ageGroupsAndCampaigns-form\ageGroupsAndCampaigns-form.component.js
C:\VaciControl\VaciControl\VaciControlUI\ClientApp\dist\out-tsc\app\pages\ageGroupsAndCampaigns\ageGroupsAndCampaigns-form\ageGroupsAndCampaigns-form.component.js.map
C:\VaciControl\VaciControl\VaciControlUI\ClientApp\dist\out-tsc\app\pages\ageGroupsAndCampaigns\ageGroupsAndCampaigns-list\ageGroupsAndCampaigns-list.component.js
C:\VaciControl\VaciControl\VaciControlUI\ClientApp\dist\out-tsc\app\pages\ageGroupsAndCampaigns\ageGroupsAndCampaigns-list\ageGroupsAndCampaigns-list.component.js.map
C:\VaciControl\VaciControl\VaciControlUI\ClientApp\dist\out-tsc\app\pages\ageGroupsAndCampaigns\ageGroupsAndCampaigns-routing.module.js
C:\VaciControl\VaciControl\VaciControlUI\ClientApp\dist\out-tsc\app\pages\ageGroupsAndCampaigns\ageGroupsAndCampaigns-routing.module.js.map
C:\VaciControl\VaciControl\VaciControlUI\ClientApp\dist\out-tsc\app\pages\ageGroupsAndCampaigns\ageGroupsAndCampaigns.module.js
C:\VaciControl\VaciControl\VaciControlUI\ClientApp\dist\out-tsc\app\pages\ageGroupsAndCampaigns\ageGroupsAndCampaigns.module.js.map
C:\VaciControl\VaciControl\VaciControlUI\ClientApp\dist\out-tsc\app\pages\immunization\models\immunization.model.js
C:\VaciControl\VaciControl\VaciControlUI\ClientApp\dist\out-tsc\app\pages\immunization\models\immunization.model.js.map
C:\VaciControl\VaciControl\VaciControlUI\ClientApp\dist\out-tsc\app\pages\immunization\services\immunization.service.js
C:\VaciControl\VaciControl\VaciControlUI\ClientApp\dist\out-tsc\app\pages\immunization\services\immunization.service.js.map
C:\VaciControl\VaciControl\VaciControlUI\ClientApp\dist\out-tsc\app\pages\immunization\immunization-form\immunization-form.component.js
C:\VaciControl\VaciControl\VaciControlUI\ClientApp\dist\out-tsc\app\pages\immunization\immunization-form\immunization-form.component.js.map
C:\VaciControl\VaciControl\VaciControlUI\ClientApp\dist\out-tsc\app\pages\immunization\immunization-list\immunization-list.component.js
C:\VaciControl\VaciControl\VaciControlUI\ClientApp\dist\out-tsc\app\pages\immunization\immunization-list\immunization-list.component.js.map
C:\VaciControl\VaciControl\VaciControlUI\ClientApp\dist\out-tsc\app\pages\immunization\immunization-routing.module.js
C:\VaciControl\VaciControl\VaciControlUI\ClientApp\dist\out-tsc\app\pages\immunization\immunization-routing.module.js.map
C:\VaciControl\VaciControl\VaciControlUI\ClientApp\dist\out-tsc\app\pages\immunization\immunization.module.js
C:\VaciControl\VaciControl\VaciControlUI\ClientApp\dist\out-tsc\app\pages\immunization\immunization.module.js.map
C:\VaciControl\VaciControl\VaciControlUI\ClientApp\dist\out-tsc\app\app-routing.module.js
C:\VaciControl\VaciControl\VaciControlUI\ClientApp\dist\out-tsc\app\app-routing.module.js.map
C:\VaciControl\VaciControl\VaciControlUI\ClientApp\dist\out-tsc\app\app.component.js
C:\VaciControl\VaciControl\VaciControlUI\ClientApp\dist\out-tsc\app\app.component.js.map
C:\VaciControl\VaciControl\VaciControlUI\ClientApp\dist\out-tsc\app\app.module.js
C:\VaciControl\VaciControl\VaciControlUI\ClientApp\dist\out-tsc\app\app.module.js.map
C:\VaciControl\VaciControl\VaciControlUI\ClientApp\dist\out-tsc\environments\environment.js
C:\VaciControl\VaciControl\VaciControlUI\ClientApp\dist\out-tsc\environments\environment.js.map
C:\VaciControl\VaciControl\VaciControlUI\ClientApp\dist\out-tsc\main.js
C:\VaciControl\VaciControl\VaciControlUI\ClientApp\dist\out-tsc\main.js.map
C:\VaciControl\VaciControl\VaciControlUI\ClientApp\dist\out-tsc\polyfills.js
C:\VaciControl\VaciControl\VaciControlUI\ClientApp\dist\out-tsc\polyfills.js.map
C:\VaciControl\VaciControl\VaciControlUI\ClientApp\dist\out-tsc\test.js
C:\VaciControl\VaciControl\VaciControlUI\ClientApp\dist\out-tsc\test.js.map
C:\VaciControl\VaciControl\VaciControlUI\ClientApp\dist\out-tsc\app\pages\ageGroupsAndCampaigns\filter\AgeGroupsAndCampaignsFilter.js
C:\VaciControl\VaciControl\VaciControlUI\ClientApp\dist\out-tsc\app\pages\ageGroupsAndCampaigns\filter\AgeGroupsAndCampaignsFilter.js.map
C:\VaciControl\VaciControl\VaciControlUI\ClientApp\dist\out-tsc\app\pages\immunization\filter\ImmunizationFilter.js
C:\VaciControl\VaciControl\VaciControlUI\ClientApp\dist\out-tsc\app\pages\immunization\filter\ImmunizationFilter.js.map
C:\VaciControl\VaciControl\VaciControlUI\ClientApp\dist\out-tsc\environments\environment.prod.js
C:\VaciControl\VaciControl\VaciControlUI\ClientApp\dist\out-tsc\environments\environment.prod.js.map
